<?xml version="1.0" encoding="UTF-8"?>
<!-- Generated by org.testng.reporters.JUnitReportReporter -->
<testsuite hostname="dhunganas-MacBook-Pro.local" name="com.apartment.LoadTest" tests="1" failures="0" timestamp="15 Jun 2017 18:29:50 GMT" time="6.199" errors="0">
  <testcase name="testLoad" time="6.199" classname="com.apartment.LoadTest"/>
</testsuite> <!-- com.apartment.LoadTest -->
