<?xml version="1.0" encoding="UTF-8"?>
<!-- Generated by org.testng.reporters.JUnitReportReporter -->
<testsuite hostname="dhunganas-MacBook-Pro.local" name="com.apartment.com.apartment.AppTest" tests="1" failures="0" timestamp="15 Jun 2017 18:30:00 GMT" time="0.002" errors="0">
  <testcase name="testApp" time="0.002" classname="com.apartment.com.apartment.AppTest"/>
</testsuite> <!-- com.apartment.com.apartment.AppTest -->
